                                    CPT      15:51 Tuesday, July 5, 2022   1

                            hcpcs    breast2016

                            19380       1690   
                            19357       1448   
                            19340       1281   
                            11970       1062   
                            19371       1031   
                            19342       1006   
                            19316        788   
                            19283        717   
                            19328        660   
                            19350        638   
                            19370        599   
                            93702        599   
                            19499        520   
                            77058        507   
                            19286        424   
                            81212        419   
                            19296        388   
                            11921        369   
                            38740        325   
                            19297        316   
                            38790        295   
                            19086        279   
                            77469        273   
                            19126        252   
                            77424        252   
                            19361        239   
                            11971        223   
                            19330        223   
                            19364        213   
                            19325        179   
                            64462        174   
                            11922        163   
                            28750        162   
                            15877        156   
                            19304        142   
                            83498        122   
                            19287        119   
                            58561        105   
                            77317        102   
                            15770        101   
                            38530        101   
                            19305         98   
                            57283         97   
                            58262         91   
                            38308         84   
                            15839         82   
                            11920         81   
                            82120         80   
                            19110         79   
                                    CPT      15:51 Tuesday, July 5, 2022   2

                            hcpcs    breast2016

                            88150         75   
                            87140         73   
                            21554         71   
                            52265         70   
                            19298         68   
                            28740         68   
                            11954         67   
                            52260         67   
                            27687         66   
                            28298         65   
                            56620         65   
                            57522         65   
                            84078         64   
                            19001         63   
                            29584         63   
                            56501         63   
                            64435         63   
                            64646         63   
                            27137         62   
                            58548         62   
                            58563         62   
                            86789         62   
                            15200         61   
                            77772         61   
                            78494         61   
                            00406         60   
                            25290         60   
                            88143         60   
                            22216         59   
                            57455         59   
                            58573         59   
                            28297         58   
                            82415         58   
                            84228         58   
                            90717         57   
                            97034         57   
                            25075         56   
                            32609         56   
                            81265         56   
                            57287         55   
                            56821         53   
                            28290         52   
                            95832         52   
                            00906         51   
                            28293         51   
                            92065         50   
                            19284         49   
                            28485         49   
                            28310         48   
                                    CPT      15:51 Tuesday, July 5, 2022   3

                            hcpcs    breast2016

                            28725         48   
                            64446         48   
                            26210         47   
                            77053         47   
                            66852         46   
                            76120         46   
                            12036         45   
                            19367         45   
                            27760         45   
                            58953         45   
                            90868         45   
                            21558         44   
                            43644         44   
                            57295         44   
                            58542         44   
                            62302         44   
                            81503         44   
                            92260         44   
                            29126         43   
                            29825         43   
                            19260         42   
                            21600         42   
                            28118         42   
                            60252         42   
                            64505         42   
                            90690         42   
                            00640         41   
                            60512         41   
                            86336         41   
                            90867         41   
                            28755         40   
                            21026         39   
                            25210         39   
                            67311         39   
                            01382         38   
                            20982         38   
                            28300         38   
                            71130         38   
                            76930         38   
                            81281         38   
                            95180         38   
                            19030         37   
                            28450         37   
                            58301         37   
                            60210         37   
                            67880         37   
                            69145         37   
                            78020         37   
                            86343         37   
                                    CPT      15:51 Tuesday, July 5, 2022   4

                            hcpcs    breast2016

                            93304         37   
                            95865         37   
                            27514         36   
                            28306         36   
                            28515         36   
                            43774         36   
                            57061         36   
                            65780         36   
                            80400         36   
                            86353         36   
                            28160         35   
                            63044         35   
                            81373         35   
                            87253         35   
                            88199         35   
                            90375         35   
                            92620         35   
                            95144         35   
                            96153         35   
                            01474         34   
                            20660         34   
                            21320         34   
                            26440         34   
                            57800         34   
                            82160         34   
                            83873         34   
                            83885         34   
                            87290         34   
                            87541         34   
                            95805         34   
                            95864         34   
                            25118         33   
                            27788         33   
                            27840         33   
                            28645         33   
                            60260         33   
                            82634         33   
                            83491         33   
                            92603         33   
                            95079         33   
                            95852         33   
                            95873         33   
                            15736         32   
                            23405         32   
                            27650         32   
                            27654         32   
                            27823         32   
                            29821         32   
                            29873         32   
                                    CPT      15:51 Tuesday, July 5, 2022   5

                            hcpcs    breast2016

                            42826         32   
                            67314         32   
                            72127         32   
                            81268         32   
                            87280         32   
                            24600         31   
                            24670         31   
                            28011         31   
                            28045         31   
                            28126         31   
                            57280         31   
                            77407         31   
                            78496         31   
                            81217         31   
                            81264         31   
                            87110         31   
                            21557         30   
                            25071         30   
                            26605         30   
                            27327         30   
                            41110         30   
                            45560         30   
                            58954         30   
                            64719         30   
                            70542         30   
                            81267         30   
                            82696         30   
                            84135         30   
                            87169         30   
                            87490         30   
                            90473         30   
                            95145         30   
                            01202         29   
                            01260         29   
                            12037         29   
                            26080         29   
                            28008         29   
                            35206         29   
                            37785         29   
                            56420         29   
                            57268         29   
                            58300         29   
                            60300         29   
                            61799         29   
                            63012         29   
                            64704         29   
                            68326         29   
                            72130         29   
                            73202         29   
                                    CPT      15:51 Tuesday, July 5, 2022   6

                            hcpcs    breast2016

                            77425         29   
                            78808         29   
                            84120         29   
                            86622         29   
                            86638         29   
                            95941         29   
                            96542         29   
                            23020         28   
                            25630         28   
                            28039         28   
                            36500         28   
                            37195         28   
                            42104         28   
                            62290         28   
                            64463         28   
                            65436         28   
                            67335         28   
                            81315         28   
                            87279         28   
                            17108         27   
                            26615         27   
                            27495         27   
                            30130         27   
                            30300         27   
                            67400         27   
                            81246         27   
                            81377         27   
                            83593         27   
                            84138         27   
                            86625         27   
                            87530         27   
                            88174         27   
                            90749         27   
                            99241         27   
                            15570         26   
                            25650         26   
                            27062         26   
                            28715         26   
                            35471         26   
                            38206         26   
                            58210         26   
                            67110         26   
                            72295         26   
                            80176         26   
                            81332         26   
                            82943         26   
                            83070         26   
                            86602         26   
                            87498         26   
                                    CPT      15:51 Tuesday, July 5, 2022   7

                            hcpcs    breast2016

                            95017         26   
                            95028         26   
                            00872         25   
                            01464         25   
                            01486         25   
                            19288         25   
                            24546         25   
                            25116         25   
                            25530         25   
                            26121         25   
                            27702         25   
                            28060         25   
                            28119         25   
                            28430         25   
                            29870         25   
                            29884         25   
                            29898         25   
                            31239         25   
                            49550         25   
                            56515         25   
                            57520         25   
                            58570         25   
                            62273         25   
                            64645         25   
                            66185         25   
                            75563         25   
                            77799         25   
                            81407         25   
                            82585         25   
                            87451         25   
                            87592         25   
                            88372         25   
                            95148         25   
                            00635         24   
                            12006         24   
                            15847         24   
                            17266         24   
                            20103         24   
                            20500         24   
                            20525         24   
                            20999         24   
                            26040         24   
                            26525         24   
                            27438         24   
                            27870         24   
                            57110         24   
                            58110         24   
                            58999         24   
                            61313         24   
                                    CPT      15:51 Tuesday, July 5, 2022   8

                            hcpcs    breast2016

                            63620         24   
                            64727         24   
                            66983         24   
                            67412         24   
                            73719         24   
                            75809         24   
                            80199         24   
                            80329         24   
                            84235         24   
                            85244         24   
                            86804         24   
                            97036         24   
                            01622         23   
                            15760         23   
                            21040         23   
                            23474         23   
                            23515         23   
                            25246         23   
                            25545         23   
                            26850         23   
                            27299         23   
                            27613         23   
                            28200         23   
                            28315         23   
                            31588         23   
                            41108         23   
                            41800         23   
                            42410         23   
                            57200         23   
                            60271         23   
                            70300         23   
                            76801         23   
                            86687         23   
                            95827         23   
                            00192         22   
                            11011         22   
                            15879         22   
                            21079         22   
                            21932         22   
                            26236         22   
                            28208         22   
                            38207         22   
                            40820         22   
                            43253         22   
                            64402         22   
                            65860         22   
                            65870         22   
                            65875         22   
                            75705         22   
                                    CPT      15:51 Tuesday, July 5, 2022   9

                            hcpcs    breast2016

                            75801         22   
                            75966         22   
                            76817         22   
                            81220         22   
                            86978         22   
                            90899         22   
                            92072         22   
                            97799         22   
                            98967         22   
                            11010         21   
                            16025         21   
                            20974         21   
                            22632         21   
                            22850         21   
                            24505         21   
                            25020         21   
                            25320         21   
                            25652         21   
                            26113         21   
                            26418         21   
                            26437         21   
                            26608         21   
                            27602         21   
                            29820         21   
                            30210         21   
                            38241         21   
                            43232         21   
                            50230         21   
                            57180         21   
                            57461         21   
                            58952         21   
                            64772         21   
                            70320         21   
                            85397         21   
                            86156         21   
                            86941         21   
                            87590         21   
                            91112         21   
                            94400         21   
                            95929         21   
                            99172         21   
                            00802         20   
                            17360         20   
                            25565         20   
                            25575         20   
                            26727         20   
                            27618         20   
                            27632         20   
                            27752         20   
                                    CPT      15:51 Tuesday, July 5, 2022  10

                            hcpcs    breast2016

                            27766         20   
                            29846         20   
                            29882         20   
                            30580         20   
                            40814         20   
                            42106         20   
                            42330         20   
                            51992         20   
                            57065         20   
                            63101         20   
                            65220         20   
                            67332         20   
                            67912         20   
                            67923         20   
                            69105         20   
                            76506         20   
                            81372         20   
                            84110         20   
                            87535         20   
                            92502         20   
                            92561         20   
                            92575         20   
                            93315         20   
                            97028         20   
                            99002         20   
                            22212         19   
                            23073         19   
                            25028         19   
                            26536         19   
                            26540         19   
                            27305         19   
                            27695         19   
                            28041         19   
                            28475         19   
                            29583         19   
                            36014         19   
                            36596         19   
                            41116         19   
                            46947         19   
                            50949         19   
                            56810         19   
                            58270         19   
                            64722         19   
                            65771         19   
                            73115         19   
                            74283         19   
                            76102         19   
                            81375         19   
                            85536         19   
                                    CPT      15:51 Tuesday, July 5, 2022  11

                            hcpcs    breast2016

                            86382         19   
                            86784         19   
                            88239         19   
                            90733         19   
                            92565         19   
                            11752         18   
                            15820         18   
                            20912         18   
                            21016         18   
                            21390         18   
                            21480         18   
                            22327         18   
                            23075         18   
                            23630         18   
                            24343         18   
                            24655         18   
                            27043         18   
                            27187         18   
                            27248         18   
                            27335         18   
                            27339         18   
                            27365         18   
                            27606         18   
                            27619         18   
                            27690         18   
                            30999         18   
                            31610         18   
                            33015         18   
                            33419         18   
                            33511         18   
                            41105         18   
                            57285         18   
                            58957         18   
                            64714         18   
                            67141         18   
                            76815         18   
                            77522         18   
                            80194         18   
                            81208         18   
                            83950         18   
                            85540         18   
                            86000         18   
                            86367         18   
                            86965         18   
                            88155         18   
                            92326         18   
                            92531         18   
                            95933         18   
                            15600         17   
                                    CPT      15:51 Tuesday, July 5, 2022  12

                            hcpcs    breast2016

                            22595         17   
                            23440         17   
                            25240         17   
                            25295         17   
                            26045         17   
                            26432         17   
                            27252         17   
                            27680         17   
                            31526         17   
                            32607         17   
                            35800         17   
                            38589         17   
                            47610         17   
                            50546         17   
                            57105         17   
                            60225         17   
                            64620         17   
                            65779         17   
                            66179         17   
                            66990         17   
                            69660         17   
                            72240         17   
                            77525         17   
                            85290         17   
                            92370         17   
                            92579         17   
                            92586         17   
                            93600         17   
                            94450         17   
                            95147         17   
                            96111         17   
                            15130         16   
                            15221         16   
                            15821         16   
                            22326         16   
                            22802         16   
                            23616         16   
                            24666         16   
                            26735         16   
                            26746         16   
                            27334         16   
                            27658         16   
                            28153         16   
                            31235         16   
                            32659         16   
                            38520         16   
                            43215         16   
                            44186         16   
                            45505         16   
                                    CPT      15:51 Tuesday, July 5, 2022  13

                            hcpcs    breast2016

                            58550         16   
                            63090         16   
                            63663         16   
                            64784         16   
                            67973         16   
                            68705         16   
                            69020         16   
                            72270         16   
                            75902         16   
                            78469         16   
                            78630         16   
                            81170         16   
                            82965         16   
                            86970         16   
                            87533         16   
                            87555         16   
                            87999         16   
                            89240         16   
                            92325         16   
                            95149         16   
                            95808         16   
                            95954         16   
                            96904         16   
                            01173         15   
                            01999         15   
                            15878         15   
                            19306         15   
                            20979         15   
                            21248         15   
                            21282         15   
                            22899         15   
                            23415         15   
                            23930         15   
                            25280         15   
                            26445         15   
                            26742         15   
                            27350         15   
                            27357         15   
                            27422         15   
                            27630         15   
                            27698         15   
                            29131         15   
                            33206         15   
                            38760         15   
                            43332         15   
                            46601         15   
                            56630         15   
                            57155         15   
                            57510         15   
                                    CPT      15:51 Tuesday, July 5, 2022  14

                            hcpcs    breast2016

                            60502         15   
                            60650         15   
                            61618         15   
                            63281         15   
                            64647         15   
                            65920         15   
                            66625         15   
                            66682         15   
                            76496         15   
                            80346         15   
                            81538         15   
                            84525         15   
                            86692         15   
                            87516         15   
                            87802         15   
                            93292         15   
                            93602         15   
                            93619         15   
                            96004         15   
                            96110         15   
                            99339         15   
                            99411         15   
                            99607         15   
                            00866         14   
                            15781         14   
                            20938         14   
                            23395         14   
                            24065         14   
                            24359         14   
                            25560         14   
                            26235         14   
                            26535         14   
                            27635         14   
                            27659         14   
                            27816         14   
                            28114         14   
                            31545         14   
                            32656         14   
                            33641         14   
                            35302         14   
                            36015         14   
                            37237         14   
                            43231         14   
                            43252         14   
                            43653         14   
                            58263         14   
                            61635         14   
                            62165         14   
                            63051         14   
                                    CPT      15:51 Tuesday, July 5, 2022  15

                            hcpcs    breast2016

                            63709         14   
                            64782         14   
                            66680         14   
                            66940         14   
                            67107         14   
                            67120         14   
                            67715         14   
                            67882         14   
                            69000         14   
                            69424         14   
                            70120         14   
                            73225         14   
                            75743         14   
                            78459         14   
                            78466         14   
                            78660         14   
                            80358         14   
                            80365         14   
                            81215         14   
                            81378         14   
                            81433         14   
                            82441         14   
                            84233         14   
                            84449         14   
                            85612         14   
                            86510         14   
                            90633         14   
                            90672         14   
                            90869         14   
                            90889         14   
                            92521         14   
                            92534         14   
                            93603         14   
                            94452         14   
                            94453         14   
                            96912         14   
                            99366         14   
                            99444         14   
                            99487         14   
                            00147         13   
                            01730         13   
                            10080         13   
                            15757         13   
                            15946         13   
                            20200         13   
                            21046         13   
                            22315         13   
                            22844         13   
                            22855         13   
                                    CPT      15:51 Tuesday, July 5, 2022  16

                            hcpcs    breast2016

                            24076         13   
                            24430         13   
                            24579         13   
                            24665         13   
                            25076         13   
                            26020         13   
                            26350         13   
                            26483         13   
                            26531         13   
                            26740         13   
                            27279         13   
                            27280         13   
                            27324         13   
                            27345         13   
                            27360         13   
                            27380         13   
                            27532         13   
                            27824         13   
                            27842         13   
                            28022         13   
                            28092         13   
                            28660         13   
                            29855         13   
                            29862         13   
                            29895         13   
                            31200         13   
                            32562         13   
                            36218         13   
                            37700         13   
                            37722         13   
                            37761         13   
                            42700         13   
                            43240         13   
                            43289         13   
                            46080         13   
                            49590         13   
                            57511         13   
                            58951         13   
                            61626         13   
                            61751         13   
                            62355         13   
                            63055         13   
                            63102         13   
                            63277         13   
                            65865         13   
                            67312         13   
                            67901         13   
                            67975         13   
                            68811         13   
                                    CPT      15:51 Tuesday, July 5, 2022  17

                            hcpcs    breast2016

                            70328         13   
                            71551         13   
                            75600         13   
                            75964         13   
                            76816         13   
                            78481         13   
                            78811         13   
                            80304         13   
                            80348         13   
                            81370         13   
                            84234         13   
                            85348         13   
                            85366         13   
                            86768         13   
                            86971         13   
                            87172         13   
                            87274         13   
                            90702         13   
                            90716         13   
                            90744         13   
                            92953         13   
                            92961         13   
                            93317         13   
                            95979         13   
                            99385         13   
                            00215         12   
                            11001         12   
                            15620         12   
                            19355         12   
                            20924         12   
                            23665         12   
                            24363         12   
                            24400         12   
                            24586         12   
                            25065         12   
                            25675         12   
                            26340         12   
                            26410         12   
                            26700         12   
                            26852         12   
                            27828         12   
                            28035         12   
                            28220         12   
                            28312         12   
                            29345         12   
                            29805         12   
                            29893         12   
                            31205         12   
                            33120         12   
                                    CPT      15:51 Tuesday, July 5, 2022  18

                            hcpcs    breast2016

                            33202         12   
                            33363         12   
                            33881         12   
                            35190         12   
                            38542         12   
                            40654         12   
                            42650         12   
                            43130         12   
                            43180         12   
                            43278         12   
                            45350         12   
                            46750         12   
                            49657         12   
                            52345         12   
                            52355         12   
                            53265         12   
                            53500         12   
                            57415         12   
                            58200         12   
                            60699         12   
                            61750         12   
                            62143         12   
                            63707         12   
                            64702         12   
                            64712         12   
                            64713         12   
                            67043         12   
                            69714         12   
                            74415         12   
                            76497         12   
                            77072         12   
                            78102         12   
                            80353         12   
                            80372         12   
                            84143         12   
                            84490         12   
                            85635         12   
                            86603         12   
                            87471         12   
                            90647         12   
                            93566         12   
                            93580         12   
                            96370         12   
                            97755         12   
                            99447         12   
                            01484         11   
                            01760         11   
                            11950         11   
                            11952         11   
                                    CPT      15:51 Tuesday, July 5, 2022  19

                            hcpcs    breast2016

                            11960         11   
                            17107         11   
                            19324         11   
                            21013         11   
                            21110         11   
                            21935         11   
                            22328         11   
                            22532         11   
                            22556         11   
                            24073         11   
                            24341         11   
                            24675         11   
                            25301         11   
                            25505         11   
                            26775         11   
                            26861         11   
                            27036         11   
                            27047         11   
                            27200         11   
                            27437         11   
                            27501         11   
                            27560         11   
                            27605         11   
                            27648         11   
                            27664         11   
                            27825         11   
                            28100         11   
                            28238         11   
                            29806         11   
                            29897         11   
                            31528         11   
                            32097         11   
                            32606         11   
                            33411         11   
                            33416         11   
                            36625         11   
                            36838         11   
                            40816         11   
                            41826         11   
                            41830         11   
                            42335         11   
                            45540         11   
                            47135         11   
                            47543         11   
                            49557         11   
                            57460         11   
                            58559         11   
                            58562         11   
                            61215         11   
                                    CPT      15:51 Tuesday, July 5, 2022  20

                            hcpcs    breast2016

                            61500         11   
                            62230         11   
                            63662         11   
                            64600         11   
                            66175         11   
                            67830         11   
                            67935         11   
                            68100         11   
                            68335         11   
                            68750         11   
                            70554         11   
                            73615         11   
                            76800         11   
                            76805         11   
                            80354         11   
                            80359         11   
                            82370         11   
                            84376         11   
                            85291         11   
                            86688         11   
                            87560         11   
                            92582         11   
                            93740         11   
                            94004         11   
                            94014         11   
                            95834         11   
                            95961         11   
                            99412         11   

                                   N = 959
                                   HCPCS     15:51 Tuesday, July 5, 2022  21

          hcpcs    breast2016    SHORT_DESCRIPTION

          L8000        816       Mastectomy bra                  
          J9179        705       Eribulin mesylate injection     
          J9354        693       Inj, ado-trastuzumab emt 1mg    
          Q4116        427       Alloderm                        
          L8600        335       Implant breast silicone/eq      
          L8030        330       Breast prosthes w/o adhesive    
          C1728        247       Cath, brachytx seed adm         
          C8906        245       Mri w/cont, breast,  bi         
          C8905        239       Mri w/o fol w/cont, brst, un    
          C8907        171       Mri w/o cont, breast, bi        
          G8875        171       Breast cancer dx min invsive    
          J9207        134       Ixabepilone injection           
          C9726        116       Rxt breast appl place/remov     
          C9728        103       Place device/marker, non pro    
          J1950         88       Leuprolide acetate /3.75 mg     
          G8872         85       Intraop image confirm excise    
          C2639         72       Brachytx, non-stranded,i-125    
          G8878         64       Sent lymph node biopsy          
          L8020         63       Mastectomy form                 
          C8904         61       Mri w/o cont, breast, uni       
          A9300         56       Exercise equipment              
          C1782         53       Morcellator                     
          J3030         53       Sumatriptan succinate / 6 mg    
          J0592         51       Buprenorphine hydrochloride     
          J1212         51       Dimethyl sulfoxide 50% 50 ml    
          S8037         49       Mrcp                            
          Q2049         48       Imported lipodox inj            
          Q4128         48       Flexhd/allopatchhd/matrixhd     
          A9528         45       Iodine i-131 iodide cap, dx     
          A4595         43       Tens suppl 2 lead per month     
          G0143         43       Scr c/v cyto,thinlayer,rescr    
          L8015         42       Ext breastprosthesis garment    
          C2631         41       Rep dev, urinary, w/o sling     
          G8635         41       No pharm ther osteo rx          
          G6004         40       Radiation treatment delivery    
          J2323         40       Natalizumab injection           
          J9178         40       Inj, epirubicin hcl, 2 mg       
          A4614         39       Hand-held pefr meter            
          C9898         39       Inpnt stay radiolabeled item    
          L0625         38       Lo flex l1-below l5 pre ots     
          J7645         36       Ipratropium bromide comp        
          J1572         35       Flebogamma injection            
          A4270         34       Disposable endoscope sheath     
          A7048         34       Vacuum drain bottle/tube kit    
          G9432         34       Asth controlled                 
          L4361         34       Pneuma/vac walk boot pre ots    
          G8490         33       Ra measures grp                 
          G9534         33       Adv brain image not ordered     
          J0586         33       Abobotulinumtoxina              
                                   HCPCS     15:51 Tuesday, July 5, 2022  22

          hcpcs    breast2016    SHORT_DESCRIPTION

          J7328         33       Gel-syn injection 0.1 mg        
          A4248         32       Chlorhexidine antisept          
          G8573         31       Stk cabg                        
          A9583         30       Gadofosveset trisodium inj      
          C1878         30       Matrl for vocal cord            
          G6005         30       Radiation treatment delivery    
          G8879         30       Node neg inv brst cncr          
          J1631         30       Haloperidol decanoate inj       
          L1832         30       Ko adj jnt pos r sup pre cst    
          A6211         29       Foam drg > 48 sq in w/o brdr    
          A6403         29       Sterile gauze>16 <= 48 sq in    
          A9531         29       I131 max 100uci                 
          G9533         29       Indic for head ct not valid     
          G9535         29       Normal neuro exam               
          J1742         29       Ibutilide fumarate injection    
          L3923         29       Hfo without joints pre cst      
          P3001         29       Screening pap smear by phys     
          A4570         28       Splint                          
          A6248         28       Hydrogel drsg gel filler        
          L3919         28       Ho w/o joints cf                
          S5000         28       Prescription drug, generic      
          S8948         28       Low-level laser trmt 15 min     
          A9999         27       Dme supply or accessory, nos    
          A9509         26       Iodine i-123 sod iodide mil     
          A9556         26       Ga67 gallium                    
          G8960         26       Clin tx mdd not comm            
          G8962         26       Csit on pt any reas 30 days     
          G8964         26       Csi any other than pci 2 yr     
          J3101         26       Tenecteplase injection          
          J9040         26       Bleomycin sulfate injection     
          L1906         26       Afo multilig ank sup pre ots    
          V5299         26       Hearing service                 
          A6445         25       Conform band s w <3"/yd         
          G9563         25       No f/u eval q3mo opiod tx       
          L1820         25       Ko elas w/ condyle pads & jo    
          S8990         25       Pt or manip for maint           
          A4305         24       Drug delivery system >=50 ml    
          A6022         24       Collagen drsg>16<=48 sq in      
          G0117         24       Glaucoma scrn hgh risk direc    
          J0945         24       Brompheniramine maleate inj     
          J3357         24       Ustekinumab sub cu inj, 1 mg    
          J0133         23       Acyclovir injection             
          J0712         23       Ceftaroline fosamil inj         
          L2820         23       Soft interface below knee se    
          L8614         23       Cochlear device                 
          P9033         23       Platelets leukoreduced irrad    
          A4466         22       Elastic garment/covering        
          A6206         22       Contact layer <= 16 sq in       
          G0409         22       Corf related serv 15 mins ea    
                                   HCPCS     15:51 Tuesday, July 5, 2022  23

          hcpcs    breast2016    SHORT_DESCRIPTION

          G8944         22       Ajcc mel cnr stg 0 - iic        
          J0490         22       Belimumab injection             
          J2794         22       Risperidone, long acting        
          L7510         22       Prosthetic device repair rep    
          G8633         21       Pharm ther osteo rx             
          G9276         21       Doc of tobacco user             
          G9458         21       Tob user recd cess interv       
          J1110         21       Inj dihydroergotamine mesylt    
          J7638         21       Dexamethasone comp unit         
          T2002         21       N-et; per diem                  
          A4311         20       Catheter w/o bag 2-way latex    
          A4927         20       Non-sterile gloves              
          G8966         20       Csit perf sx or high chd rsk    
          G9187         20       Bpci home visit                 
          G9506         20       Bio imm resp mod presc          
          G9623         20       Doc med rsn no scr etoh use     
          L3030         20       Foot arch support remov prem    
          S9986         20       Not medically necessary svc     
          A6253         19       Absorpt drg > 48 sq in w/o b    
          A6266         19       Impreg gauze no h20/sal/yard    
          C2615         19       Sealant, pulmonary, liquid      
          C8901         19       Mra w/o cont, abd               
          G0282         19       Elect stim wound care not pd    
          G0400         19       Home sleep test/type 4 porta    
          G9539         19       Intent pot remv time placemt    
          J2680         19       Fluphenazine decanoate 25 mg    
          J7607         19       Levalbuterol comp con           
          J7642         19       Glycopyrrolate comp con         
          L1810         19       Ko elastic with joints          
          S9470         19       Nutritional counseling, diet    
          V2750         19       Anti-reflective coating         
          V2781         19       Progressive lens per lens       
          A0424         18       Extra ambulance attendant       
          A4402         18       Lubricant per ounce             
          A4590         18       Special casting material        
          A6441         18       Pad band w>=3" <5"/yd           
          A6455         18       Self-adher band >=5"/yd         
          A6549         18       G compression stocking          
          C1822         18       Gen, neuro, hf, rechg bat       
          C1891         18       Infusion pump,non-prog, perm    
          G0129         18       Partial hosp prog service       
          G0435         18       Oral hiv-1/hiv-2 screen         
          G9143         18       Warfarin respon genetic test    
          G9304         18       Pros info op rpt                
          J1364         18       Erythro lactobionate /500 mg    
          J2690         18       Procainamide hcl injection      
          L1930         18       Afo plastic                     
          L8619         18       Coch imp ext proc/contr rplc    
          V2520         18       Contact lens hydrophilic        
                                   HCPCS     15:51 Tuesday, July 5, 2022  24

          hcpcs    breast2016    SHORT_DESCRIPTION

          V5259         18       Hearing aid, digit, bin, itc    
          A6255         17       Absorpt drg >16<=48 in w/bdr    
          A6443         17       Conform band n/s w>=3"<5"/yd    
          A9521         17       Tc99m exametazime               
          A9599         17       Radioph dx b amyloid pet nos    
          C8909         17       Mra w/cont, chest               
          C8920         17       Mra w/o fol w/cont, pelvis      
          C9899         17       Inpt implant pros dev,no cov    
          G0130         17       Single energy x-ray study       
          G0473         17       Group behave couns 2-10         
          G9278         17       Doc no daily aspirin            
          G9360         17       No doc of neg or man pos tb     
          J1800         17       Propranolol injection           
          J9301         17       Obinutuzumab inj                
          P9031         17       Platelets leukocytes reduced    
          Q4030         17       Cast sup long leg fiberglass    
          Q4051         17       Splint supplies misc            
          T1013         17       Sign lang/oral interpreter      
          V2203         17       Lens sphcyl bifocal 4.00d/.1    
          A6452         16       High compres band w>=3"<5"yd    
          G0454         16       Md document visit by npp        
          G8941         16       No doc elder scrn, pt no el     
          G9536         16       Doc med reas adv brain image    
          H0001         16       Alcohol and/or drug assess      
          J7606         16       Formoterol fumarate, inh        
          J7615         16       Levalbuterol comp unit          
          L4396         16       Static or dynami afo pre cst    
          S0119         16       Ondansetron 4 mg                
          A4250         15       Urine reagent strips/tablets    
          A9273         15       Hot/cold h2obot/cap/col/wrap    
          A9569         15       Technetium tc-99m auto wbc      
          C8903         15       Mri w/cont, breast,  uni        
          E0190         15       Positioning cushion             
          G8495         15       Ckd meas qual act perform       
          G9419         15       Med reas not incl histo type    
          J0600         15       Edetate calcium disodium inj    
          J0833         15       Cosyntropin injection nos       
          J2562         15       Plerixafor injection            
          J3105         15       Terbutaline sulfate inj         
          J8610         15       Methotrexate oral 2.5 mg        
          L0140         15       Cervical semi-rigid adjustab    
          L3702         15       Eo w/o joints cf                
          L3806         15       Whfo w/joint(s) custom fab      
          L3925         15       Fo pip dip jnt/sprng pre ots    
          L8010         15       Mastectomy sleeve               
          L8613         15       Ossicular implant               
          Q4013         15       Cast sup gauntlet plaster       
          Q9964         15       Hocm>= 400mg/ml iodine, 1ml     
          S0613         15       Ann breast exam                 
                                   HCPCS     15:51 Tuesday, July 5, 2022  25

          hcpcs    breast2016    SHORT_DESCRIPTION

          V5130         15       In ear binaural hearing aid     
          V5265         15       Ear mold/insert, disp           
          A9527         14       Iodine i-125 sodium iodide      
          C2624         14       Wireless pressure sensor        
          C2626         14       Infusion pump, non-prog,temp    
          G0459         14       Telehealth inpt pharm mgmt      
          G8395         14       Lvef>=40% doc normal or mild    
          G8708         14       Antibiotic not pres             
          G8842         14       Ahi or rdi initial dx           
          G9232         14       Ptrsn no comm comorbid          
          G9313         14       Docrsn not first line amox      
          G9521         14       Er and ip hosp <2 in 12 mos     
          J1190         14       Dexrazoxane hcl injection       
          J2210         14       Methylergonovin maleate inj     
          J9209         14       Mesna injection                 
          L0631         14       Lso sag r an/pos pnl pre cst    
          L3040         14       Ft arch suprt premold longit    
          S0077         14       Injection, clindamycin phosp    
          S0170         14       Anastrozole 1 mg                
          V2784         14       Lens polycarb or equal          
          A6261         13       Wound filler gel/paste /oz      
          A6451         13       Mod compres band w>=3"<5"/yd    
          A9557         13       Tc99m bicisate                  
          G0259         13       Inject for sacroiliac joint     
          G8853         13       Pos air press not prescribe     
          G8947         13       1 or more neuropsych            
          J0558         13       Peng benzathine/procaine inj    
          J0895         13       Deferoxamine mesylate inj       
          J1260         13       Dolasetron mesylate             
          J7605         13       Arformoterol non-comp unit      
          Q4122         13       Dermacell                       
          S0260         13       H&p for surgery                 
          S1015         13       Iv tubing extension set         
          S8110         13       Peak expiratory flow rate (p    
          V2599         13       Contact lens/es other type      
          V5008         13       Hearing screening               
          A4210         12       Nonneedle injection device      
          A4930         12       Sterile, gloves per pair        
          A5512         12       Multi den insert direct form    
          A5513         12       Multi den insert custom mold    
          A9508         12       I131 iodobenguate, dx           
          A9570         12       Indium in-111 auto wbc          
          C9741         12       Impl pressure sensor w/angio    
          E0114         12       Crutch underarm pair no wood    
          G9277         12       Doc daily aspirin or contra     
          G9634         12       Qual life tool 2x same/impr     
          J7518         12       Mycophenolic acid               
          J9017         12       Arsenic trioxide injection      
          J9330         12       Temsirolimus injection          
                                   HCPCS     15:51 Tuesday, July 5, 2022  26

          hcpcs    breast2016    SHORT_DESCRIPTION

          J9360         12       Vinblastine sulfate inj         
          L0637         12       Lso sc r ant/pos pnl pre cst    
          L3984         12       Upper ext fx orthosis wrist     
          L4387         12       Non-pneum walk boot pre ots     
          L8603         12       Collagen imp urinary 2.5 ml     
          Q4104         12       Integra bmwd                    
          V5060         12       Behind ear hearing aid          
          A4333         11       Urinary cath anchor device      
          A6217         11       Non-sterile gauze>16<=48 sq     
          A7004         11       Disposable nebulizer sml vol    
          A9530         11       I131 iodide sol, rx             
          C1756         11       Cath, pacing, transesoph        
          C1821         11       Interspinous implant            
          C9275         11       Hexaminolevulinate hcl          
          G0913         11       Improve visual funct            
          G8659         11       Rafscrs lumb score >= 0         
          J1557         11       Gammaplex injection             
          J1710         11       Hydrocortisone sodium ph inj    
          J2180         11       Meperidine/promethazine inj     
          J2260         11       Inj milrinone lactate / 5 mg    
          J2540         11       Penicillin g potassium inj      
          J2850         11       Inj secretin synthetic human    
          J3243         11       Tigecycline injection           
          J7298         11       Mirena, 52 mg                   
          J7633         11       Budesonide non-comp con         
          J7643         11       Glycopyrrolate comp unit        
          J8999         11       Oral prescription drug chemo    
          J9100         11       Cytarabine hcl 100 mg inj       
          L0627         11       Lo sag ri an/pos pnl pre cst    
          L3660         11       So 8 ab rstr can/web pre ots    
          L3763         11       Ewho rigid w/o jnts cf          
          L8690         11       Aud osseo dev, int/ext comp     
          L8691         11       Osseointegrated snd proc rpl    

                                   N = 278
