                                          16:25 Thursday, March 13, 2025   1

                             The FREQ Procedure

                                           Cumulative    Cumulative
        afib17    Frequency     Percent     Frequency      Percent
        -----------------------------------------------------------
             0       21349       79.59         21349        79.59  
             1        4078       15.20         25427        94.79  
             2         965        3.60         26392        98.39  
             3         311        1.16         26703        99.55  
             4          74        0.28         26777        99.82  
             5          34        0.13         26811        99.95  
             6          13        0.05         26824       100.00  


                                           Cumulative    Cumulative
        afib18    Frequency     Percent     Frequency      Percent
        -----------------------------------------------------------
             0       20682       77.10         20682        77.10  
             1        4519       16.85         25201        93.95  
             2        1098        4.09         26299        98.04  
             3         344        1.28         26643        99.33  
             4         120        0.45         26763        99.77  
             5          42        0.16         26805        99.93  
             6          12        0.04         26817        99.97  
             7           4        0.01         26821        99.99  
             8           3        0.01         26824       100.00  


                                           Cumulative    Cumulative
        afib19    Frequency     Percent     Frequency      Percent
        -----------------------------------------------------------
             0       20154       75.13         20154        75.13  
             1        4879       18.19         25033        93.32  
             2        1169        4.36         26202        97.68  
             3         408        1.52         26610        99.20  
             4         146        0.54         26756        99.75  
             5          42        0.16         26798        99.90  
             6          17        0.06         26815        99.97  
             7           6        0.02         26821        99.99  
             8           3        0.01         26824       100.00  
 
 
 
 
 
 
 
 
 
 
/home/rsparapa/git/CTSI/BERD/snippet8.sas                                   
                                          16:25 Thursday, March 13, 2025   2

                             The FREQ Procedure

                                           Cumulative    Cumulative
        afib20    Frequency     Percent     Frequency      Percent
        -----------------------------------------------------------
             0       20429       76.16         20429        76.16  
             1        4805       17.91         25234        94.07  
             2        1094        4.08         26328        98.15  
             3         341        1.27         26669        99.42  
             4          95        0.35         26764        99.78  
             5          40        0.15         26804        99.93  
             6          12        0.04         26816        99.97  
             7           6        0.02         26822        99.99  
             8           2        0.01         26824       100.00  


                                           Cumulative    Cumulative
        afib21    Frequency     Percent     Frequency      Percent
        -----------------------------------------------------------
             0       19538       72.84         19538        72.84  
             1        5557       20.72         25095        93.55  
             2        1183        4.41         26278        97.96  
             3         370        1.38         26648        99.34  
             4         117        0.44         26765        99.78  
             5          35        0.13         26800        99.91  
             6          16        0.06         26816        99.97  
             7           7        0.03         26823       100.00  
             8           1        0.00         26824       100.00  


                                           Cumulative    Cumulative
        afib22    Frequency     Percent     Frequency      Percent
        -----------------------------------------------------------
             0       19105       71.22         19105        71.22  
             1        5801       21.63         24906        92.85  
             2        1301        4.85         26207        97.70  
             3         402        1.50         26609        99.20  
             4         142        0.53         26751        99.73  
             5          49        0.18         26800        99.91  
             6          19        0.07         26819        99.98  
             7           5        0.02         26824       100.00  
 
 
 
 
 
 
 
 
 
/home/rsparapa/git/CTSI/BERD/snippet8.sas                                   
                                          16:25 Thursday, March 13, 2025   3

                             The FREQ Procedure

                                                   Cumulative   Cumulative
 afib17   afib18   afib19   Frequency    Percent    Frequency     Percent
 -------------------------------------------------------------------------
 0:1      0:1      0:1         22755      84.83        22755       84.83  
 0:1      0:1      2+           1339       4.99        24094       89.82  
 0:1      2+       0:1          1071       3.99        25165       93.82  
 0:1      2+       2+            262       0.98        25427       94.79  
 2+       0:1      0:1          1013       3.78        26440       98.57  
 2+       0:1      2+             94       0.35        26534       98.92  
 2+       2+       0:1           194       0.72        26728       99.64  
 2+       2+       2+             96       0.36        26824      100.00  


                                                   Cumulative   Cumulative
 afib20   afib21   afib22   Frequency    Percent    Frequency     Percent
 -------------------------------------------------------------------------
 0:1      0:1      0:1         22401      83.51        22401       83.51  
 0:1      0:1      2+           1432       5.34        23833       88.85  
 0:1      2+       0:1          1147       4.28        24980       93.13  
 0:1      2+       2+            254       0.95        25234       94.07  
 2+       0:1      0:1          1139       4.25        26373       98.32  
 2+       0:1      2+            123       0.46        26496       98.78  
 2+       2+       0:1           219       0.82        26715       99.59  
 2+       2+       2+            109       0.41        26824      100.00  
 
 
 
 
 
 
 
 
 
 
 
 
 
 
 
 
 
 
 
 
 
 
 
 
/home/rsparapa/git/CTSI/BERD/snippet8.sas                                   
                                          16:25 Thursday, March 13, 2025   4

                           The CONTENTS Procedure

Data Set Name        CRDW.SNIPPET8               Observations          26824
Member Type          DATA                        Variables             79   
Engine               V9                          Indexes               0    
Created              03/13/2025 16:25:09         Observation Length    640  
Last Modified        03/13/2025 16:25:09         Deleted Observations  0    
Protection                                       Compressed            NO   
Data Set Type                                    Sorted                NO   
Label                                                                       
Data Representation  SOLARIS_X86_64,                                        
                     LINUX_X86_64, ALPHA_TRU64,                             
                     LINUX_IA64                                             
Encoding             latin1  Western (ISO)                                  


                     Engine/Host Dependent Information

Data Set Page Size          65536                                           
Number of Data Set Pages    264                                             
First Data Page             1                                               
Max Obs per Page            102                                             
Obs in First Data Page      84                                              
Number of Data Set Repairs  0                                               
Filename                    /data/shared/04224/CTSI/libname/                
                            crdw/snippet8.sas7bdat                          
Release Created             9.0401M8                                        
Host Created                Linux                                           
Inode Number                42949763111                                     
Access Permission           rw-r--r--                                       
Owner Name                  rsparapa                                        
File Size                   17MB                                            
File Size (bytes)           17367040                                        
 
 
 
 
 
 
 
 
 
 
 
 
 
 
 
 
 
/home/rsparapa/git/CTSI/BERD/snippet8.sas                                   
                                          16:25 Thursday, March 13, 2025   5

                           The CONTENTS Procedure

                        Variables in Creation Order
 
   #    Variable        Type    Len    Format    Informat    Label

   1    patient_hash    Char     16    $16.      $16.        patient_hash
   2    afib17          Num       8                                      
   3    afib18          Num       8                                      
   4    afib19          Num       8                                      
   5    afib20          Num       8                                      
   6    afib21          Num       8                                      
   7    afib22          Num       8                                      
   8    afib1701        Num       8                                      
   9    afib1702        Num       8                                      
  10    afib1703        Num       8                                      
  11    afib1704        Num       8                                      
  12    afib1705        Num       8                                      
  13    afib1706        Num       8                                      
  14    afib1707        Num       8                                      
  15    afib1708        Num       8                                      
  16    afib1709        Num       8                                      
  17    afib1710        Num       8                                      
  18    afib1711        Num       8                                      
  19    afib1712        Num       8                                      
  20    afib1801        Num       8                                      
  21    afib1802        Num       8                                      
  22    afib1803        Num       8                                      
  23    afib1804        Num       8                                      
  24    afib1805        Num       8                                      
  25    afib1806        Num       8                                      
  26    afib1807        Num       8                                      
  27    afib1808        Num       8                                      
  28    afib1809        Num       8                                      
  29    afib1810        Num       8                                      
  30    afib1811        Num       8                                      
  31    afib1812        Num       8                                      
  32    afib1901        Num       8                                      
  33    afib1902        Num       8                                      
  34    afib1903        Num       8                                      
  35    afib1904        Num       8                                      
  36    afib1905        Num       8                                      
  37    afib1906        Num       8                                      
  38    afib1907        Num       8                                      
  39    afib1908        Num       8                                      
  40    afib1909        Num       8                                      
  41    afib1910        Num       8                                      
  42    afib1911        Num       8                                      
  43    afib1912        Num       8                                      
 
/home/rsparapa/git/CTSI/BERD/snippet8.sas                                   
                                          16:25 Thursday, March 13, 2025   6

                           The CONTENTS Procedure

                        Variables in Creation Order
 
   #    Variable        Type    Len    Format    Informat    Label

  44    afib2001        Num       8                                      
  45    afib2002        Num       8                                      
  46    afib2003        Num       8                                      
  47    afib2004        Num       8                                      
  48    afib2005        Num       8                                      
  49    afib2006        Num       8                                      
  50    afib2007        Num       8                                      
  51    afib2008        Num       8                                      
  52    afib2009        Num       8                                      
  53    afib2010        Num       8                                      
  54    afib2011        Num       8                                      
  55    afib2012        Num       8                                      
  56    afib2101        Num       8                                      
  57    afib2102        Num       8                                      
  58    afib2103        Num       8                                      
  59    afib2104        Num       8                                      
  60    afib2105        Num       8                                      
  61    afib2106        Num       8                                      
  62    afib2107        Num       8                                      
  63    afib2108        Num       8                                      
  64    afib2109        Num       8                                      
  65    afib2110        Num       8                                      
  66    afib2111        Num       8                                      
  67    afib2112        Num       8                                      
  68    afib2201        Num       8                                      
  69    afib2202        Num       8                                      
  70    afib2203        Num       8                                      
  71    afib2204        Num       8                                      
  72    afib2205        Num       8                                      
  73    afib2206        Num       8                                      
  74    afib2207        Num       8                                      
  75    afib2208        Num       8                                      
  76    afib2209        Num       8                                      
  77    afib2210        Num       8                                      
  78    afib2211        Num       8                                      
  79    afib2212        Num       8                                      
 
 
 
 
 
 
 
 
/home/rsparapa/git/CTSI/BERD/snippet8.sas                                   
